C:\Users\Start\OneDrive\Documentos\node\ntalk\node_modules\express\lib\express.js:110
      throw new Error('Most middleware (like ' + name + ') is no longer bundled with Express and must be installed separately. Please see https://github.com/senchalabs/connect#middleware.');
      ^

Error: Most middleware (like session) is no longer bundled with Express and must be installed separately. Please see https://github.com/senchalabs/connect#middleware.
    at Function.get (C:\Users\Start\OneDrive\Documentos\node\ntalk\node_modules\express\lib\express.js:110:13)
    at Object.<anonymous> (C:\Users\Start\OneDrive\Documentos\node\ntalk\app.js:29:22)
    at Module._compile (node:internal/modules/cjs/loader:1546:14)
    at Object..js (node:internal/modules/cjs/loader:1689:10)
    at Module.load (node:internal/modules/cjs/loader:1318:32)
    at Function._load (node:internal/modules/cjs/loader:1128:12)
    at TracingChannel.traceSync (node:diagnostics_channel:315:14)
    at wrapModuleLoad (node:internal/modules/cjs/loader:218:24)
    at Module.require (node:internal/modules/cjs/loader:1340:12)
    at require (node:internal/modules/helpers:141:16)

Node.js v22.11.0
C:\Users\Start\OneDrive\Documentos\node\ntalk\node_modules\express\lib\express.js:110
      throw new Error('Most middleware (like ' + name + ') is no longer bundled with Express and must be installed separately. Please see https://github.com/senchalabs/connect#middleware.');
      ^

Error: Most middleware (like session) is no longer bundled with Express and must be installed separately. Please see https://github.com/senchalabs/connect#middleware.
    at Function.get (C:\Users\Start\OneDrive\Documentos\node\ntalk\node_modules\express\lib\express.js:110:13)
    at Object.<anonymous> (C:\Users\Start\OneDrive\Documentos\node\ntalk\app.js:29:22)
    at Module._compile (node:internal/modules/cjs/loader:1546:14)
    at Object..js (node:internal/modules/cjs/loader:1689:10)
    at Module.load (node:internal/modules/cjs/loader:1318:32)
    at Function._load (node:internal/modules/cjs/loader:1128:12)
    at TracingChannel.traceSync (node:diagnostics_channel:315:14)
    at wrapModuleLoad (node:internal/modules/cjs/loader:218:24)
    at Module.require (node:internal/modules/cjs/loader:1340:12)
    at require (node:internal/modules/helpers:141:16)

Node.js v22.11.0
C:\Users\Start\OneDrive\Documentos\node\ntalk\node_modules\express\lib\express.js:110
      throw new Error('Most middleware (like ' + name + ') is no longer bundled with Express and must be installed separately. Please see https://github.com/senchalabs/connect#middleware.');
      ^

Error: Most middleware (like session) is no longer bundled with Express and must be installed separately. Please see https://github.com/senchalabs/connect#middleware.
    at Function.get (C:\Users\Start\OneDrive\Documentos\node\ntalk\node_modules\express\lib\express.js:110:13)
    at Object.<anonymous> (C:\Users\Start\OneDrive\Documentos\node\ntalk\app.js:29:22)
    at Module._compile (node:internal/modules/cjs/loader:1546:14)
    at Object..js (node:internal/modules/cjs/loader:1689:10)
    at Module.load (node:internal/modules/cjs/loader:1318:32)
    at Function._load (node:internal/modules/cjs/loader:1128:12)
    at TracingChannel.traceSync (node:diagnostics_channel:315:14)
    at wrapModuleLoad (node:internal/modules/cjs/loader:218:24)
    at Module.require (node:internal/modules/cjs/loader:1340:12)
    at require (node:internal/modules/helpers:141:16)

Node.js v22.11.0
C:\Users\Start\OneDrive\Documentos\node\ntalk\node_modules\express\lib\express.js:110
      throw new Error('Most middleware (like ' + name + ') is no longer bundled with Express and must be installed separately. Please see https://github.com/senchalabs/connect#middleware.');
      ^

Error: Most middleware (like session) is no longer bundled with Express and must be installed separately. Please see https://github.com/senchalabs/connect#middleware.
    at Function.get (C:\Users\Start\OneDrive\Documentos\node\ntalk\node_modules\express\lib\express.js:110:13)
    at Object.<anonymous> (C:\Users\Start\OneDrive\Documentos\node\ntalk\app.js:29:22)
    at Module._compile (node:internal/modules/cjs/loader:1546:14)
    at Object..js (node:internal/modules/cjs/loader:1689:10)
    at Module.load (node:internal/modules/cjs/loader:1318:32)
    at Function._load (node:internal/modules/cjs/loader:1128:12)
    at TracingChannel.traceSync (node:diagnostics_channel:315:14)
    at wrapModuleLoad (node:internal/modules/cjs/loader:218:24)
    at Module.require (node:internal/modules/cjs/loader:1340:12)
    at require (node:internal/modules/helpers:141:16)

Node.js v22.11.0
C:\Users\Start\OneDrive\Documentos\node\ntalk\node_modules\express\lib\express.js:110
      throw new Error('Most middleware (like ' + name + ') is no longer bundled with Express and must be installed separately. Please see https://github.com/senchalabs/connect#middleware.');
      ^

Error: Most middleware (like session) is no longer bundled with Express and must be installed separately. Please see https://github.com/senchalabs/connect#middleware.
    at Function.get (C:\Users\Start\OneDrive\Documentos\node\ntalk\node_modules\express\lib\express.js:110:13)
    at Object.<anonymous> (C:\Users\Start\OneDrive\Documentos\node\ntalk\app.js:29:22)
    at Module._compile (node:internal/modules/cjs/loader:1546:14)
    at Object..js (node:internal/modules/cjs/loader:1689:10)
    at Module.load (node:internal/modules/cjs/loader:1318:32)
    at Function._load (node:internal/modules/cjs/loader:1128:12)
    at TracingChannel.traceSync (node:diagnostics_channel:315:14)
    at wrapModuleLoad (node:internal/modules/cjs/loader:218:24)
    at Module.require (node:internal/modules/cjs/loader:1340:12)
    at require (node:internal/modules/helpers:141:16)

Node.js v22.11.0
C:\Users\Start\OneDrive\Documentos\node\ntalk\node_modules\express\lib\express.js:110
      throw new Error('Most middleware (like ' + name + ') is no longer bundled with Express and must be installed separately. Please see https://github.com/senchalabs/connect#middleware.');
      ^

Error: Most middleware (like session) is no longer bundled with Express and must be installed separately. Please see https://github.com/senchalabs/connect#middleware.
    at Function.get (C:\Users\Start\OneDrive\Documentos\node\ntalk\node_modules\express\lib\express.js:110:13)
    at Object.<anonymous> (C:\Users\Start\OneDrive\Documentos\node\ntalk\app.js:29:22)
    at Module._compile (node:internal/modules/cjs/loader:1546:14)
    at Object..js (node:internal/modules/cjs/loader:1689:10)
    at Module.load (node:internal/modules/cjs/loader:1318:32)
    at Function._load (node:internal/modules/cjs/loader:1128:12)
    at TracingChannel.traceSync (node:diagnostics_channel:315:14)
    at wrapModuleLoad (node:internal/modules/cjs/loader:218:24)
    at Module.require (node:internal/modules/cjs/loader:1340:12)
    at require (node:internal/modules/helpers:141:16)

Node.js v22.11.0
C:\Users\Start\OneDrive\Documentos\node\ntalk\node_modules\express\lib\express.js:110
      throw new Error('Most middleware (like ' + name + ') is no longer bundled with Express and must be installed separately. Please see https://github.com/senchalabs/connect#middleware.');
      ^

Error: Most middleware (like session) is no longer bundled with Express and must be installed separately. Please see https://github.com/senchalabs/connect#middleware.
    at Function.get (C:\Users\Start\OneDrive\Documentos\node\ntalk\node_modules\express\lib\express.js:110:13)
    at Object.<anonymous> (C:\Users\Start\OneDrive\Documentos\node\ntalk\app.js:29:22)
    at Module._compile (node:internal/modules/cjs/loader:1546:14)
    at Object..js (node:internal/modules/cjs/loader:1689:10)
    at Module.load (node:internal/modules/cjs/loader:1318:32)
    at Function._load (node:internal/modules/cjs/loader:1128:12)
    at TracingChannel.traceSync (node:diagnostics_channel:315:14)
    at wrapModuleLoad (node:internal/modules/cjs/loader:218:24)
    at Module.require (node:internal/modules/cjs/loader:1340:12)
    at require (node:internal/modules/helpers:141:16)

Node.js v22.11.0
C:\Users\Start\OneDrive\Documentos\node\ntalk\node_modules\express\lib\express.js:110
      throw new Error('Most middleware (like ' + name + ') is no longer bundled with Express and must be installed separately. Please see https://github.com/senchalabs/connect#middleware.');
      ^

Error: Most middleware (like session) is no longer bundled with Express and must be installed separately. Please see https://github.com/senchalabs/connect#middleware.
    at Function.get (C:\Users\Start\OneDrive\Documentos\node\ntalk\node_modules\express\lib\express.js:110:13)
    at Object.<anonymous> (C:\Users\Start\OneDrive\Documentos\node\ntalk\app.js:29:22)
    at Module._compile (node:internal/modules/cjs/loader:1546:14)
    at Object..js (node:internal/modules/cjs/loader:1689:10)
    at Module.load (node:internal/modules/cjs/loader:1318:32)
    at Function._load (node:internal/modules/cjs/loader:1128:12)
    at TracingChannel.traceSync (node:diagnostics_channel:315:14)
    at wrapModuleLoad (node:internal/modules/cjs/loader:218:24)
    at Module.require (node:internal/modules/cjs/loader:1340:12)
    at require (node:internal/modules/helpers:141:16)

Node.js v22.11.0
